dcc-aryalab-01
samtools 1.14-rhel8
Java 1.8.0_60
Picard 2.18.2, use: java -jar $PICARD

Loading Picard/2.18.2
  Loading requirement: Java/1.8.0_60
>>>>>>>>>>>>>>>>>>>>>>>>>>>>>>>>>> start 18:37:42
18:37:50.629 INFO  NativeLibraryLoader - Loading libgkl_compression.so from jar:file:/admin/apps/rhel7/picard/2.18.2/picard.jar!/com/intel/gkl/native/libgkl_compression.so
[Wed Nov 16 18:37:50 EST 2022] MarkDuplicates INPUT=[/datacommons/allenlab/stephanie/output/RNAseq/HG00096/tmp/star_2pass_WASP_m10/Aligned.sortedByCoord.out.bam] OUTPUT=/datacommons/allenlab/stephanie/output/RNAseq/HG00096/tmp/star_2pass_WASP_m10/Aligned.sortedByCoord.out.picard_markdup.bam METRICS_FILE=/datacommons/allenlab/stephanie/output/RNAseq/HG00096/tmp/star_2pass_WASP_m10/picard.marked_dup_metrics.txt    MAX_SEQUENCES_FOR_DISK_READ_ENDS_MAP=50000 MAX_FILE_HANDLES_FOR_READ_ENDS_MAP=8000 SORTING_COLLECTION_SIZE_RATIO=0.25 TAG_DUPLICATE_SET_MEMBERS=false REMOVE_SEQUENCING_DUPLICATES=false TAGGING_POLICY=DontTag CLEAR_DT=true ADD_PG_TAG_TO_READS=true REMOVE_DUPLICATES=false ASSUME_SORTED=false DUPLICATE_SCORING_STRATEGY=SUM_OF_BASE_QUALITIES PROGRAM_RECORD_ID=MarkDuplicates PROGRAM_GROUP_NAME=MarkDuplicates READ_NAME_REGEX=<optimized capture of last three ':' separated fields as numeric values> OPTICAL_DUPLICATE_PIXEL_DISTANCE=100 MAX_OPTICAL_DUPLICATE_SET_SIZE=300000 VERBOSITY=INFO QUIET=false VALIDATION_STRINGENCY=STRICT COMPRESSION_LEVEL=5 MAX_RECORDS_IN_RAM=500000 CREATE_INDEX=false CREATE_MD5_FILE=false GA4GH_CLIENT_SECRETS=client_secrets.json USE_JDK_DEFLATER=false USE_JDK_INFLATER=false
[Wed Nov 16 18:37:50 EST 2022] Executing as sh700@dcc-aryalab-01 on Linux 4.18.0-348.2.1.el8_5.x86_64 amd64; Java HotSpot(TM) 64-Bit Server VM 1.8.0_60-b27; Deflater: Intel; Inflater: Intel; Provider GCS is not available; Picard version: 2.18.2-SNAPSHOT
INFO	2022-11-16 18:37:50	MarkDuplicates	Start of doWork freeMemory: 1401368800; totalMemory: 1419247616; maxMemory: 45813334016
INFO	2022-11-16 18:37:50	MarkDuplicates	Reading input file and constructing read end information.
INFO	2022-11-16 18:37:50	MarkDuplicates	Will retain up to 165990340 data points before spilling to disk.
WARNING	2022-11-16 18:37:52	AbstractOpticalDuplicateFinderCommandLineProgram	A field field parsed out of a read name was expected to contain an integer and did not. Read name: ERR188040.10492871. Cause: String 'ERR188040.10492871' did not start with a parsable number.
INFO	2022-11-16 18:37:58	MarkDuplicates	Read     1,000,000 records.  Elapsed time: 00:00:06s.  Time for last 1,000,000:    6s.  Last read position: chr10:97,007,091
INFO	2022-11-16 18:37:58	MarkDuplicates	Tracking 397 as yet unmatched pairs. 397 records in RAM.
INFO	2022-11-16 18:38:03	MarkDuplicates	Read     2,000,000 records.  Elapsed time: 00:00:10s.  Time for last 1,000,000:    4s.  Last read position: chr11:16,996,334
INFO	2022-11-16 18:38:03	MarkDuplicates	Tracking 502 as yet unmatched pairs. 502 records in RAM.
INFO	2022-11-16 18:38:08	MarkDuplicates	Read     3,000,000 records.  Elapsed time: 00:00:16s.  Time for last 1,000,000:    5s.  Last read position: chr11:64,543,991
INFO	2022-11-16 18:38:08	MarkDuplicates	Tracking 235 as yet unmatched pairs. 235 records in RAM.
INFO	2022-11-16 18:38:13	MarkDuplicates	Read     4,000,000 records.  Elapsed time: 00:00:20s.  Time for last 1,000,000:    4s.  Last read position: chr11:121,460,039
INFO	2022-11-16 18:38:13	MarkDuplicates	Tracking 105 as yet unmatched pairs. 105 records in RAM.
INFO	2022-11-16 18:38:17	MarkDuplicates	Read     5,000,000 records.  Elapsed time: 00:00:25s.  Time for last 1,000,000:    4s.  Last read position: chr12:21,791,309
INFO	2022-11-16 18:38:17	MarkDuplicates	Tracking 2778 as yet unmatched pairs. 2778 records in RAM.
INFO	2022-11-16 18:38:22	MarkDuplicates	Read     6,000,000 records.  Elapsed time: 00:00:29s.  Time for last 1,000,000:    4s.  Last read position: chr12:57,489,911
INFO	2022-11-16 18:38:22	MarkDuplicates	Tracking 189 as yet unmatched pairs. 189 records in RAM.
INFO	2022-11-16 18:38:30	MarkDuplicates	Read     7,000,000 records.  Elapsed time: 00:00:37s.  Time for last 1,000,000:    7s.  Last read position: chr12:120,634,724
INFO	2022-11-16 18:38:30	MarkDuplicates	Tracking 7104 as yet unmatched pairs. 7104 records in RAM.
INFO	2022-11-16 18:38:33	MarkDuplicates	Read     8,000,000 records.  Elapsed time: 00:00:40s.  Time for last 1,000,000:    3s.  Last read position: chr13:45,914,307
INFO	2022-11-16 18:38:33	MarkDuplicates	Tracking 8698 as yet unmatched pairs. 8698 records in RAM.
INFO	2022-11-16 18:38:37	MarkDuplicates	Read     9,000,000 records.  Elapsed time: 00:00:44s.  Time for last 1,000,000:    3s.  Last read position: chr14:58,833,641
INFO	2022-11-16 18:38:37	MarkDuplicates	Tracking 16 as yet unmatched pairs. 16 records in RAM.
INFO	2022-11-16 18:38:42	MarkDuplicates	Read    10,000,000 records.  Elapsed time: 00:00:50s.  Time for last 1,000,000:    5s.  Last read position: chr14:106,322,053
INFO	2022-11-16 18:38:42	MarkDuplicates	Tracking 13510 as yet unmatched pairs. 13510 records in RAM.
INFO	2022-11-16 18:38:46	MarkDuplicates	Read    11,000,000 records.  Elapsed time: 00:00:53s.  Time for last 1,000,000:    3s.  Last read position: chr15:66,783,227
INFO	2022-11-16 18:38:46	MarkDuplicates	Tracking 348 as yet unmatched pairs. 348 records in RAM.
INFO	2022-11-16 18:38:51	MarkDuplicates	Read    12,000,000 records.  Elapsed time: 00:00:58s.  Time for last 1,000,000:    4s.  Last read position: chr15:101,825,172
INFO	2022-11-16 18:38:51	MarkDuplicates	Tracking 231 as yet unmatched pairs. 231 records in RAM.
INFO	2022-11-16 18:38:54	MarkDuplicates	Read    13,000,000 records.  Elapsed time: 00:01:01s.  Time for last 1,000,000:    3s.  Last read position: chr16:29,498,782
INFO	2022-11-16 18:38:54	MarkDuplicates	Tracking 127 as yet unmatched pairs. 127 records in RAM.
INFO	2022-11-16 18:38:58	MarkDuplicates	Read    14,000,000 records.  Elapsed time: 00:01:05s.  Time for last 1,000,000:    3s.  Last read position: chr16:77,232,862
INFO	2022-11-16 18:38:58	MarkDuplicates	Tracking 64 as yet unmatched pairs. 64 records in RAM.
INFO	2022-11-16 18:39:03	MarkDuplicates	Read    15,000,000 records.  Elapsed time: 00:01:10s.  Time for last 1,000,000:    4s.  Last read position: chr17:17,287,223
INFO	2022-11-16 18:39:03	MarkDuplicates	Tracking 873 as yet unmatched pairs. 873 records in RAM.
INFO	2022-11-16 18:39:10	MarkDuplicates	Read    16,000,000 records.  Elapsed time: 00:01:18s.  Time for last 1,000,000:    7s.  Last read position: chr17:44,799,291
INFO	2022-11-16 18:39:10	MarkDuplicates	Tracking 168 as yet unmatched pairs. 168 records in RAM.
INFO	2022-11-16 18:39:14	MarkDuplicates	Read    17,000,000 records.  Elapsed time: 00:01:22s.  Time for last 1,000,000:    3s.  Last read position: chr17:79,478,959
INFO	2022-11-16 18:39:14	MarkDuplicates	Tracking 6378 as yet unmatched pairs. 6378 records in RAM.
INFO	2022-11-16 18:39:18	MarkDuplicates	Read    18,000,000 records.  Elapsed time: 00:01:25s.  Time for last 1,000,000:    3s.  Last read position: chr19:2,045,921
INFO	2022-11-16 18:39:18	MarkDuplicates	Tracking 2349 as yet unmatched pairs. 2349 records in RAM.
INFO	2022-11-16 18:39:23	MarkDuplicates	Read    19,000,000 records.  Elapsed time: 00:01:31s.  Time for last 1,000,000:    5s.  Last read position: chr19:16,213,520
INFO	2022-11-16 18:39:23	MarkDuplicates	Tracking 916 as yet unmatched pairs. 916 records in RAM.
INFO	2022-11-16 18:39:27	MarkDuplicates	Read    20,000,000 records.  Elapsed time: 00:01:35s.  Time for last 1,000,000:    3s.  Last read position: chr19:47,194,998
INFO	2022-11-16 18:39:27	MarkDuplicates	Tracking 114 as yet unmatched pairs. 114 records in RAM.
INFO	2022-11-16 18:39:31	MarkDuplicates	Read    21,000,000 records.  Elapsed time: 00:01:38s.  Time for last 1,000,000:    3s.  Last read position: chr1:567,618
INFO	2022-11-16 18:39:31	MarkDuplicates	Tracking 9963 as yet unmatched pairs. 9963 records in RAM.
INFO	2022-11-16 18:39:35	MarkDuplicates	Read    22,000,000 records.  Elapsed time: 00:01:42s.  Time for last 1,000,000:    3s.  Last read position: chr1:27,633,494
INFO	2022-11-16 18:39:35	MarkDuplicates	Tracking 78 as yet unmatched pairs. 78 records in RAM.
INFO	2022-11-16 18:39:40	MarkDuplicates	Read    23,000,000 records.  Elapsed time: 00:01:48s.  Time for last 1,000,000:    5s.  Last read position: chr1:70,711,628
INFO	2022-11-16 18:39:40	MarkDuplicates	Tracking 243 as yet unmatched pairs. 243 records in RAM.
INFO	2022-11-16 18:39:46	MarkDuplicates	Read    24,000,000 records.  Elapsed time: 00:01:53s.  Time for last 1,000,000:    5s.  Last read position: chr1:153,963,256
INFO	2022-11-16 18:39:46	MarkDuplicates	Tracking 7240 as yet unmatched pairs. 7240 records in RAM.
INFO	2022-11-16 18:39:50	MarkDuplicates	Read    25,000,000 records.  Elapsed time: 00:01:57s.  Time for last 1,000,000:    3s.  Last read position: chr1:207,977,832
INFO	2022-11-16 18:39:50	MarkDuplicates	Tracking 7 as yet unmatched pairs. 7 records in RAM.
INFO	2022-11-16 18:39:54	MarkDuplicates	Read    26,000,000 records.  Elapsed time: 00:02:01s.  Time for last 1,000,000:    3s.  Last read position: chr20:43,708,352
INFO	2022-11-16 18:39:54	MarkDuplicates	Tracking 199 as yet unmatched pairs. 199 records in RAM.
INFO	2022-11-16 18:39:58	MarkDuplicates	Read    27,000,000 records.  Elapsed time: 00:02:05s.  Time for last 1,000,000:    3s.  Last read position: chr21:45,403,640
INFO	2022-11-16 18:39:58	MarkDuplicates	Tracking 188 as yet unmatched pairs. 188 records in RAM.
INFO	2022-11-16 18:40:09	MarkDuplicates	Read    28,000,000 records.  Elapsed time: 00:02:16s.  Time for last 1,000,000:   11s.  Last read position: chr22:39,710,710
INFO	2022-11-16 18:40:09	MarkDuplicates	Tracking 8068 as yet unmatched pairs. 8068 records in RAM.
INFO	2022-11-16 18:40:12	MarkDuplicates	Read    29,000,000 records.  Elapsed time: 00:02:20s.  Time for last 1,000,000:    3s.  Last read position: chr2:55,459,840
INFO	2022-11-16 18:40:12	MarkDuplicates	Tracking 1006 as yet unmatched pairs. 1006 records in RAM.
INFO	2022-11-16 18:40:16	MarkDuplicates	Read    30,000,000 records.  Elapsed time: 00:02:23s.  Time for last 1,000,000:    3s.  Last read position: chr2:112,573,192
INFO	2022-11-16 18:40:16	MarkDuplicates	Tracking 69 as yet unmatched pairs. 69 records in RAM.
INFO	2022-11-16 18:40:20	MarkDuplicates	Read    31,000,000 records.  Elapsed time: 00:02:27s.  Time for last 1,000,000:    3s.  Last read position: chr2:216,807,860
INFO	2022-11-16 18:40:20	MarkDuplicates	Tracking 136 as yet unmatched pairs. 136 records in RAM.
INFO	2022-11-16 18:40:24	MarkDuplicates	Read    32,000,000 records.  Elapsed time: 00:02:31s.  Time for last 1,000,000:    3s.  Last read position: chr3:33,907,998
INFO	2022-11-16 18:40:24	MarkDuplicates	Tracking 166 as yet unmatched pairs. 166 records in RAM.
INFO	2022-11-16 18:40:29	MarkDuplicates	Read    33,000,000 records.  Elapsed time: 00:02:37s.  Time for last 1,000,000:    5s.  Last read position: chr3:121,350,667
INFO	2022-11-16 18:40:29	MarkDuplicates	Tracking 451 as yet unmatched pairs. 451 records in RAM.
INFO	2022-11-16 18:40:33	MarkDuplicates	Read    34,000,000 records.  Elapsed time: 00:02:40s.  Time for last 1,000,000:    3s.  Last read position: chr4:3,221,971
INFO	2022-11-16 18:40:33	MarkDuplicates	Tracking 64 as yet unmatched pairs. 64 records in RAM.
INFO	2022-11-16 18:40:37	MarkDuplicates	Read    35,000,000 records.  Elapsed time: 00:02:44s.  Time for last 1,000,000:    3s.  Last read position: chr4:144,134,970
INFO	2022-11-16 18:40:37	MarkDuplicates	Tracking 37 as yet unmatched pairs. 37 records in RAM.
INFO	2022-11-16 18:40:40	MarkDuplicates	Read    36,000,000 records.  Elapsed time: 00:02:48s.  Time for last 1,000,000:    3s.  Last read position: chr5:81,571,935
INFO	2022-11-16 18:40:40	MarkDuplicates	Tracking 2750 as yet unmatched pairs. 2750 records in RAM.
INFO	2022-11-16 18:40:44	MarkDuplicates	Read    37,000,000 records.  Elapsed time: 00:02:52s.  Time for last 1,000,000:    3s.  Last read position: chr5:150,501,716
INFO	2022-11-16 18:40:44	MarkDuplicates	Tracking 1146 as yet unmatched pairs. 1146 records in RAM.
INFO	2022-11-16 18:40:55	MarkDuplicates	Read    38,000,000 records.  Elapsed time: 00:03:02s.  Time for last 1,000,000:   10s.  Last read position: chr6:29,910,776
INFO	2022-11-16 18:40:55	MarkDuplicates	Tracking 8128 as yet unmatched pairs. 8128 records in RAM.
INFO	2022-11-16 18:40:59	MarkDuplicates	Read    39,000,000 records.  Elapsed time: 00:03:06s.  Time for last 1,000,000:    3s.  Last read position: chr6:33,243,833
INFO	2022-11-16 18:40:59	MarkDuplicates	Tracking 13589 as yet unmatched pairs. 13589 records in RAM.
INFO	2022-11-16 18:41:02	MarkDuplicates	Read    40,000,000 records.  Elapsed time: 00:03:10s.  Time for last 1,000,000:    3s.  Last read position: chr6:74,228,114
INFO	2022-11-16 18:41:02	MarkDuplicates	Tracking 31874 as yet unmatched pairs. 31874 records in RAM.
INFO	2022-11-16 18:41:06	MarkDuplicates	Read    41,000,000 records.  Elapsed time: 00:03:13s.  Time for last 1,000,000:    3s.  Last read position: chr6:144,812,168
INFO	2022-11-16 18:41:06	MarkDuplicates	Tracking 6 as yet unmatched pairs. 6 records in RAM.
INFO	2022-11-16 18:41:10	MarkDuplicates	Read    42,000,000 records.  Elapsed time: 00:03:17s.  Time for last 1,000,000:    4s.  Last read position: chr7:5,568,299
INFO	2022-11-16 18:41:10	MarkDuplicates	Tracking 19281 as yet unmatched pairs. 19281 records in RAM.
INFO	2022-11-16 18:41:14	MarkDuplicates	Read    43,000,000 records.  Elapsed time: 00:03:21s.  Time for last 1,000,000:    3s.  Last read position: chr7:73,609,107
INFO	2022-11-16 18:41:14	MarkDuplicates	Tracking 527 as yet unmatched pairs. 527 records in RAM.
INFO	2022-11-16 18:41:19	MarkDuplicates	Read    44,000,000 records.  Elapsed time: 00:03:26s.  Time for last 1,000,000:    5s.  Last read position: chr7:155,090,058
INFO	2022-11-16 18:41:19	MarkDuplicates	Tracking 151 as yet unmatched pairs. 151 records in RAM.
INFO	2022-11-16 18:41:22	MarkDuplicates	Read    45,000,000 records.  Elapsed time: 00:03:30s.  Time for last 1,000,000:    3s.  Last read position: chr8:101,721,914
INFO	2022-11-16 18:41:22	MarkDuplicates	Tracking 2433 as yet unmatched pairs. 2433 records in RAM.
INFO	2022-11-16 18:41:26	MarkDuplicates	Read    46,000,000 records.  Elapsed time: 00:03:34s.  Time for last 1,000,000:    3s.  Last read position: chr9:37,780,734
INFO	2022-11-16 18:41:26	MarkDuplicates	Tracking 154 as yet unmatched pairs. 154 records in RAM.
INFO	2022-11-16 18:41:30	MarkDuplicates	Read    47,000,000 records.  Elapsed time: 00:03:37s.  Time for last 1,000,000:    3s.  Last read position: chr9:135,895,039
INFO	2022-11-16 18:41:30	MarkDuplicates	Tracking 8397 as yet unmatched pairs. 8397 records in RAM.
INFO	2022-11-16 18:41:34	MarkDuplicates	Read    48,000,000 records.  Elapsed time: 00:03:41s.  Time for last 1,000,000:    3s.  Last read position: chrM:5,711
INFO	2022-11-16 18:41:34	MarkDuplicates	Tracking 4358 as yet unmatched pairs. 4358 records in RAM.
INFO	2022-11-16 18:41:39	MarkDuplicates	Read    49,000,000 records.  Elapsed time: 00:03:46s.  Time for last 1,000,000:    5s.  Last read position: chrM:9,236
INFO	2022-11-16 18:41:39	MarkDuplicates	Tracking 14172 as yet unmatched pairs. 14172 records in RAM.
INFO	2022-11-16 18:41:43	MarkDuplicates	Read    50,000,000 records.  Elapsed time: 00:03:50s.  Time for last 1,000,000:    3s.  Last read position: chrM:15,659
INFO	2022-11-16 18:41:43	MarkDuplicates	Tracking 8731 as yet unmatched pairs. 8731 records in RAM.
INFO	2022-11-16 18:41:47	MarkDuplicates	Read    51,000,000 records.  Elapsed time: 00:03:54s.  Time for last 1,000,000:    3s.  Last read position: chrX:71,492,541
INFO	2022-11-16 18:41:47	MarkDuplicates	Tracking 4413 as yet unmatched pairs. 4413 records in RAM.
INFO	2022-11-16 18:41:50	MarkDuplicates	Read 51967235 records. 0 pairs never matched.
INFO	2022-11-16 18:41:59	MarkDuplicates	After buildSortedReadEndLists freeMemory: 16252311224; totalMemory: 25069355008; maxMemory: 45813334016
INFO	2022-11-16 18:41:59	MarkDuplicates	Will retain up to 1431666688 duplicate indices before spilling to disk.
INFO	2022-11-16 18:42:01	MarkDuplicates	Traversing read pair information and detecting duplicates.
INFO	2022-11-16 18:42:06	MarkDuplicates	Traversing fragment information and detecting duplicates.
INFO	2022-11-16 18:42:10	MarkDuplicates	Sorting list of duplicate records.
INFO	2022-11-16 18:42:12	MarkDuplicates	After generateDuplicateIndexes freeMemory: 13309868240; totalMemory: 25069355008; maxMemory: 45813334016
INFO	2022-11-16 18:42:12	MarkDuplicates	Marking 9881485 records as duplicates.
INFO	2022-11-16 18:42:12	MarkDuplicates	Found 0 optical duplicate clusters.
INFO	2022-11-16 18:42:12	MarkDuplicates	Reads are assumed to be ordered by: coordinate
INFO	2022-11-16 18:43:20	MarkDuplicates	Written    10,000,000 records.  Elapsed time: 00:01:07s.  Time for last 10,000,000:   67s.  Last read position: chr14:106,322,053
INFO	2022-11-16 18:44:24	MarkDuplicates	Written    20,000,000 records.  Elapsed time: 00:02:12s.  Time for last 10,000,000:   64s.  Last read position: chr19:47,194,998
INFO	2022-11-16 18:45:29	MarkDuplicates	Written    30,000,000 records.  Elapsed time: 00:03:16s.  Time for last 10,000,000:   64s.  Last read position: chr2:112,573,192
INFO	2022-11-16 18:46:34	MarkDuplicates	Written    40,000,000 records.  Elapsed time: 00:04:22s.  Time for last 10,000,000:   65s.  Last read position: chr6:74,228,114
INFO	2022-11-16 18:47:36	MarkDuplicates	Written    50,000,000 records.  Elapsed time: 00:05:24s.  Time for last 10,000,000:   62s.  Last read position: chrM:15,659
INFO	2022-11-16 18:47:49	MarkDuplicates	Before output close freeMemory: 36224701288; totalMemory: 36525572096; maxMemory: 45813334016
INFO	2022-11-16 18:47:49	MarkDuplicates	After output close freeMemory: 36323469856; totalMemory: 36626759680; maxMemory: 45813334016
[Wed Nov 16 18:47:49 EST 2022] picard.sam.markduplicates.MarkDuplicates done. Elapsed time: 9.99 minutes.
Runtime.totalMemory()=36626759680
>>>>>>>>>>>>>>>>>>>>>>>>>>>>>>>>>> indexing 18:47:51
samtools: /opt/apps/rhel8/liblzma/lib/liblzma.so.5: no version information available (required by samtools)
/opt/apps/rhel8/samtools-1.14/bin/samtools: /opt/apps/rhel8/liblzma/lib/liblzma.so.5: no version information available (required by /opt/apps/rhel8/samtools-1.14/bin/samtools)
>>>>>>>>>>>>>>>>>>>>>>>>>>>>>>>>>> done 18:50:30
